0 info it worked if it ends with ok
1 verbose cli [ '/usr/local/bin/node',
1 verbose cli   '/usr/local/bin/npm',
1 verbose cli   'install',
1 verbose cli   '-g',
1 verbose cli   'es2015' ]
2 info using npm@3.10.10
3 info using node@v6.10.0
4 silly loadCurrentTree Starting
5 silly install loadCurrentTree
6 silly install readGlobalPackageData
7 silly fetchPackageMetaData es2015
8 silly fetchNamedPackageData es2015
9 silly mapToRegistry name es2015
10 silly mapToRegistry using default registry
11 silly mapToRegistry registry https://registry.npm.taobao.org/
12 silly mapToRegistry data Result {
12 silly mapToRegistry   raw: 'es2015',
12 silly mapToRegistry   scope: null,
12 silly mapToRegistry   escapedName: 'es2015',
12 silly mapToRegistry   name: 'es2015',
12 silly mapToRegistry   rawSpec: '',
12 silly mapToRegistry   spec: 'latest',
12 silly mapToRegistry   type: 'tag' }
13 silly mapToRegistry uri https://registry.npm.taobao.org/es2015
14 verbose request uri https://registry.npm.taobao.org/es2015
15 verbose request no auth needed
16 info attempt registry request try #1 at 00:26:36
17 verbose request id a79254863da70e9e
18 http request GET https://registry.npm.taobao.org/es2015
19 http 200 https://registry.npm.taobao.org/es2015
20 verbose headers { date: 'Sun, 15 Oct 2017 16:26:36 GMT',
20 verbose headers   'content-type': 'application/json; charset=utf-8',
20 verbose headers   'content-length': '1934',
20 verbose headers   connection: 'keep-alive',
20 verbose headers   'x-current-requests': '1',
20 verbose headers   etag: '"78e-9jAWLKSrhLYrG27caKt+zBfSJtI"',
20 verbose headers   'x-readtime': '15' }
21 silly get cb [ 200,
21 silly get   { date: 'Sun, 15 Oct 2017 16:26:36 GMT',
21 silly get     'content-type': 'application/json; charset=utf-8',
21 silly get     'content-length': '1934',
21 silly get     connection: 'keep-alive',
21 silly get     'x-current-requests': '1',
21 silly get     etag: '"78e-9jAWLKSrhLYrG27caKt+zBfSJtI"',
21 silly get     'x-readtime': '15' } ]
22 verbose get saving es2015 to /Users/chimy/.npm/registry.npm.taobao.org/es2015/.cache.json
23 verbose correctMkdir /Users/chimy/.npm correctMkdir not in flight; initializing
24 silly install normalizeTree
25 silly loadCurrentTree Finishing
26 silly loadIdealTree Starting
27 silly install loadIdealTree
28 silly cloneCurrentTree Starting
29 silly install cloneCurrentTreeToIdealTree
30 silly cloneCurrentTree Finishing
31 silly loadShrinkwrap Starting
32 silly install loadShrinkwrap
33 silly loadShrinkwrap Finishing
34 silly loadAllDepsIntoIdealTree Starting
35 silly install loadAllDepsIntoIdealTree
36 silly resolveWithNewModule es2015@0.0.0 checking installable status
37 silly cache add args [ 'es2015', null ]
38 verbose cache add spec es2015
39 silly cache add parsed spec Result {
39 silly cache add   raw: 'es2015',
39 silly cache add   scope: null,
39 silly cache add   escapedName: 'es2015',
39 silly cache add   name: 'es2015',
39 silly cache add   rawSpec: '',
39 silly cache add   spec: 'latest',
39 silly cache add   type: 'tag' }
40 silly addNamed es2015@latest
41 verbose addNamed "latest" is being treated as a dist-tag for es2015
42 info addNameTag [ 'es2015', 'latest' ]
43 silly mapToRegistry name es2015
44 silly mapToRegistry using default registry
45 silly mapToRegistry registry https://registry.npm.taobao.org/
46 silly mapToRegistry data Result {
46 silly mapToRegistry   raw: 'es2015',
46 silly mapToRegistry   scope: null,
46 silly mapToRegistry   escapedName: 'es2015',
46 silly mapToRegistry   name: 'es2015',
46 silly mapToRegistry   rawSpec: '',
46 silly mapToRegistry   spec: 'latest',
46 silly mapToRegistry   type: 'tag' }
47 silly mapToRegistry uri https://registry.npm.taobao.org/es2015
48 verbose addNameTag registry:https://registry.npm.taobao.org/es2015 not in flight; fetching
49 verbose get https://registry.npm.taobao.org/es2015 not expired, no request
50 silly addNameTag next cb for es2015 with tag latest
51 silly addNamed es2015@0.0.0
52 verbose addNamed "0.0.0" is a plain semver version for es2015
53 silly mapToRegistry name es2015
54 silly mapToRegistry using default registry
55 silly mapToRegistry registry https://registry.npm.taobao.org/
56 silly mapToRegistry data Result {
56 silly mapToRegistry   raw: 'es2015',
56 silly mapToRegistry   scope: null,
56 silly mapToRegistry   escapedName: 'es2015',
56 silly mapToRegistry   name: 'es2015',
56 silly mapToRegistry   rawSpec: '',
56 silly mapToRegistry   spec: 'latest',
56 silly mapToRegistry   type: 'tag' }
57 silly mapToRegistry uri https://registry.npm.taobao.org/es2015
58 verbose addRemoteTarball https://registry.npm.taobao.org/es2015/download/es2015-0.0.0.tgz not in flight; adding
59 verbose addRemoteTarball [ 'https://registry.npm.taobao.org/es2015/download/es2015-0.0.0.tgz',
59 verbose addRemoteTarball   '84eee4c35c8277658b68e7e4638db30741822b14' ]
60 info retry fetch attempt 1 at 00:26:36
61 info attempt registry request try #1 at 00:26:36
62 http fetch GET https://registry.npm.taobao.org/es2015/download/es2015-0.0.0.tgz
63 http fetch 200 https://registry.npm.taobao.org/es2015/download/es2015-0.0.0.tgz
64 silly fetchAndShaCheck shasum 84eee4c35c8277658b68e7e4638db30741822b14
65 verbose addTmpTarball /var/folders/4f/r43_gb212qsclclj_3hfcjvw0000gn/T/npm-9049-375b8a9a/registry.npm.taobao.org/es2015/download/es2015-0.0.0.tgz not in flight; adding
66 verbose addTmpTarball already have metadata; skipping unpack for es2015@0.0.0
67 verbose correctMkdir /Users/chimy/.npm correctMkdir not in flight; initializing
68 silly cache afterAdd es2015@0.0.0
69 verbose afterAdd /Users/chimy/.npm/es2015/0.0.0/package/package.json not in flight; writing
70 verbose correctMkdir /Users/chimy/.npm correctMkdir not in flight; initializing
71 verbose afterAdd /Users/chimy/.npm/es2015/0.0.0/package/package.json written
72 silly loadAllDepsIntoIdealTree Finishing
73 silly loadIdealTree Finishing
74 silly currentTree lib
75 silly idealTree lib
75 silly idealTree └── es2015@0.0.0
76 silly generateActionsToTake Starting
77 silly install generateActionsToTake
78 warn checkPermissions Missing write access to /usr/local/lib/node_modules
79 silly rollbackFailedOptional Starting
80 silly rollbackFailedOptional Finishing
81 silly runTopLevelLifecycles Finishing
82 silly install printInstalled
83 verbose stack Error: EACCES: permission denied, access '/usr/local/lib/node_modules'
83 verbose stack     at Error (native)
84 verbose cwd /Users/chimy/practice-chimy/rsjx/rxjs_demo1
85 error Darwin 16.7.0
86 error argv "/usr/local/bin/node" "/usr/local/bin/npm" "install" "-g" "es2015"
87 error node v6.10.0
88 error npm  v3.10.10
89 error path /usr/local/lib/node_modules
90 error code EACCES
91 error errno -13
92 error syscall access
93 error Error: EACCES: permission denied, access '/usr/local/lib/node_modules'
93 error     at Error (native)
93 error  { Error: EACCES: permission denied, access '/usr/local/lib/node_modules'
93 error     at Error (native)
93 error   errno: -13,
93 error   code: 'EACCES',
93 error   syscall: 'access',
93 error   path: '/usr/local/lib/node_modules' }
94 error Please try running this command again as root/Administrator.
95 verbose exit [ -13, true ]
